<?xml version="1.0" encoding="UTF-8"?>
<!-- Generated by org.testng.reporters.JUnitXMLReporter -->
<testsuite ignored="3" hostname="DESKTOP-9VJLSCD" failures="0" tests="8" name="Test" time="0.22" errors="0" timestamp="2022-10-15T22:55:12 IST">
  <testcase classname="testNGpackage.Day1" name="FirstTestCase" time="0.02"/>
  <testcase classname="testNGpackage.Day2" name="ApiHomeLoan" time="0.005"/>
  <testcase classname="testNGpackage.Day2" name="MobileHomeLoan" time="0.008"/>
  <testcase classname="testNGpackage.Day2" name="WebHomeLoan" time="0.003"/>
  <testcase classname="testNGpackage.Day3" name="MobilecarLoan" time="0.004"/>
  <testcase classname="testNGpackage.Day4" name="apipersonellLoan" time="0.006"/>
  <testcase classname="testNGpackage.Day4" name="mobilepersonellLoan" time="0.012"/>
  <testcase classname="testNGpackage.Day4" name="webpersonellLoan" time="0.008"/>
  <testcase classname="testNGpackage.Day3" name="WebCarLoan" time="0.0">
    <ignored/>
  </testcase> <!-- WebCarLoan -->
  <testcase classname="testNGpackage.Day1" name="SecondTestCase" time="0.0">
    <ignored/>
  </testcase> <!-- SecondTestCase -->
  <testcase classname="testNGpackage.Day3" name="ApiCarLoan" time="0.0">
    <ignored/>
  </testcase> <!-- ApiCarLoan -->
</testsuite> <!-- Test -->
