<?xml version="1.0" encoding="UTF-8"?>
<testng-results ignored="0" total="4" passed="4" failed="0" skipped="0">
  <reporter-output>
  </reporter-output>
  <suite started-at="2022-11-17T17:01:07 IST" name="Suite" finished-at="2022-11-17T17:01:07 IST" duration-ms="131">
    <groups>
    </groups>
    <test started-at="2022-11-17T17:01:07 IST" name="Test" finished-at="2022-11-17T17:01:07 IST" duration-ms="131">
      <class name="testNGpackage.Day2">
        <test-method signature="A2()[pri:0, instance:testNGpackage.Day2@5939a379]" started-at="2022-11-17T17:01:07 IST" name="A2" finished-at="2022-11-17T17:01:07 IST" duration-ms="19" status="PASS">
          <reporter-output>
          </reporter-output>
        </test-method> <!-- A2 -->
        <test-method signature="ApiHomeLoan()[pri:0, instance:testNGpackage.Day2@5939a379]" started-at="2022-11-17T17:01:07 IST" name="ApiHomeLoan" finished-at="2022-11-17T17:01:07 IST" duration-ms="5" status="PASS">
          <reporter-output>
          </reporter-output>
        </test-method> <!-- ApiHomeLoan -->
        <test-method signature="MobileHomeLoan()[pri:0, instance:testNGpackage.Day2@5939a379]" started-at="2022-11-17T17:01:07 IST" name="MobileHomeLoan" finished-at="2022-11-17T17:01:07 IST" duration-ms="3" status="PASS">
          <reporter-output>
          </reporter-output>
        </test-method> <!-- MobileHomeLoan -->
        <test-method signature="WebHomeLoan()[pri:0, instance:testNGpackage.Day2@5939a379]" started-at="2022-11-17T17:01:07 IST" name="WebHomeLoan" finished-at="2022-11-17T17:01:07 IST" duration-ms="5" status="PASS">
          <reporter-output>
          </reporter-output>
        </test-method> <!-- WebHomeLoan -->
      </class> <!-- testNGpackage.Day2 -->
    </test> <!-- Test -->
  </suite> <!-- Suite -->
</testng-results>
