<?xml version="1.0" encoding="UTF-8"?>
<!-- Generated by org.testng.reporters.JUnitXMLReporter -->
<testsuite ignored="0" hostname="DESKTOP-9VJLSCD" failures="0" tests="4" name="Test" time="0.131" errors="0" timestamp="2022-11-17T17:01:07 IST">
  <testcase classname="testNGpackage.Day2" name="A2" time="0.019"/>
  <testcase classname="testNGpackage.Day2" name="ApiHomeLoan" time="0.005"/>
  <testcase classname="testNGpackage.Day2" name="MobileHomeLoan" time="0.003"/>
  <testcase classname="testNGpackage.Day2" name="WebHomeLoan" time="0.005"/>
</testsuite> <!-- Test -->
