<?xml version="1.0" encoding="UTF-8"?>
<!-- Generated by org.testng.reporters.JUnitXMLReporter -->
<testsuite ignored="0" hostname="DESKTOP-9VJLSCD" failures="0" tests="4" name="Default test" time="0.137" errors="0" timestamp="2022-11-12T17:23:09 IST">
  <testcase classname="testNGpackage.Day3" name="A3" time="0.023"/>
  <testcase classname="testNGpackage.Day3" name="ApiCarLoan" time="0.003"/>
  <testcase classname="testNGpackage.Day3" name="MobilecarLoan" time="0.006"/>
  <testcase classname="testNGpackage.Day3" name="WebCarLoan" time="0.004"/>
</testsuite> <!-- Default test -->
